<?xml version="1.0" encoding="UTF-8"?>
<!-- Generated by org.testng.reporters.JUnitXMLReporter -->
<testsuite ignored="0" hostname="DESKTOP-HJ3FFIG" failures="0" tests="5" name="Test" time="0.033" errors="0" timestamp="2022-11-02T13:06:30 TRT">
  <testcase classname="CalculatorTest" name="checkDivide" time="0.005"/>
  <testcase classname="CalculatorTest" name="checkMinus" time="0.0"/>
  <testcase classname="CalculatorTest" name="checkMultiply" time="0.0"/>
  <testcase classname="CalculatorTest" name="checkPlus" time="0.0"/>
  <testcase classname="CalculatorTest" name="checkSquare" time="0.0"/>
</testsuite> <!-- Test -->
