<?xml version="1.0" encoding="UTF-8"?>
<testng-results ignored="0" total="5" passed="5" failed="0" skipped="0">
  <reporter-output>
  </reporter-output>
  <suite started-at="2022-11-02T13:06:30 TRT" name="Suite" finished-at="2022-11-02T13:06:30 TRT" duration-ms="33">
    <groups>
    </groups>
    <test started-at="2022-11-02T13:06:30 TRT" name="Test" finished-at="2022-11-02T13:06:30 TRT" duration-ms="33">
      <class name="CalculatorTest">
        <test-method signature="checkDivide()[pri:0, instance:CalculatorTest@12b0404f]" started-at="2022-11-02T13:06:30 TRT" name="checkDivide" finished-at="2022-11-02T13:06:30 TRT" duration-ms="5" status="PASS">
          <reporter-output>
          </reporter-output>
        </test-method> <!-- checkDivide -->
        <test-method signature="checkMinus()[pri:0, instance:CalculatorTest@12b0404f]" started-at="2022-11-02T13:06:30 TRT" name="checkMinus" finished-at="2022-11-02T13:06:30 TRT" duration-ms="0" status="PASS">
          <reporter-output>
          </reporter-output>
        </test-method> <!-- checkMinus -->
        <test-method signature="checkMultiply()[pri:0, instance:CalculatorTest@12b0404f]" started-at="2022-11-02T13:06:30 TRT" name="checkMultiply" finished-at="2022-11-02T13:06:30 TRT" duration-ms="0" status="PASS">
          <reporter-output>
          </reporter-output>
        </test-method> <!-- checkMultiply -->
        <test-method signature="checkPlus()[pri:0, instance:CalculatorTest@12b0404f]" started-at="2022-11-02T13:06:30 TRT" name="checkPlus" finished-at="2022-11-02T13:06:30 TRT" duration-ms="0" status="PASS">
          <reporter-output>
          </reporter-output>
        </test-method> <!-- checkPlus -->
        <test-method signature="checkSquare()[pri:0, instance:CalculatorTest@12b0404f]" started-at="2022-11-02T13:06:30 TRT" name="checkSquare" finished-at="2022-11-02T13:06:30 TRT" duration-ms="0" status="PASS">
          <reporter-output>
          </reporter-output>
        </test-method> <!-- checkSquare -->
      </class> <!-- CalculatorTest -->
    </test> <!-- Test -->
  </suite> <!-- Suite -->
</testng-results>
